<?xml version="1.0" encoding="UTF-8" ?>
<testsuite tests="11" failures="1" name="com.allen.dayup.guava.GuavaDemoTest" time="0.037" errors="0" skipped="0">
  <properties>
[...]
</properties>
  <testcase classname="com.allen.dayup.guava.GuavaDemoTest" name="testOptionalMethodNull" time="0"/>
  <testcase classname="com.allen.dayup.guava.GuavaDemoTest" name="testComparisonChainFail" time="0.003"/>
  <testcase classname="com.allen.dayup.guava.GuavaDemoTest" name="testOrnullReturnNotNull" time="0"/>
  <testcase classname="com.allen.dayup.guava.GuavaDemoTest" name="testCheckArgNotNull" time="0.001"/>
  <testcase classname="com.allen.dayup.guava.GuavaDemoTest" name="testOptionalMethodOrnull" time="0"/>
  <testcase classname="com.allen.dayup.guava.GuavaDemoTest" name="testComparisonChainSuccess" time="0"/>
  <testcase classname="com.allen.dayup.guava.GuavaDemoTest" name="testOptionalTranformSuccess" time="0.031">
    <failure message="expected:&lt;t[ransform string]&gt; but was:&lt;t[est]&gt;" type="org.junit.ComparisonFailure">org.junit.ComparisonFailure: expected:&lt;t[ransform string]&gt; but was:&lt;t[est]&gt;
	at org.junit.Assert.assertEquals(Assert.java:125)
	at org.junit.Assert.assertEquals(Assert.java:147)
	at com.allen.dayup.guava.GuavaDemoTest.testOptionalTranformSuccess(GuavaDemoTest.java:91)
	at sun.reflect.NativeMethodAccessorImpl.invoke0(Native Method)
	at sun.reflect.NativeMethodAccessorImpl.invoke(NativeMethodAccessorImpl.java:62)
	at sun.reflect.DelegatingMethodAccessorImpl.invoke(DelegatingMethodAccessorImpl.java:43)
	at java.lang.reflect.Method.invoke(Method.java:498)
	at org.junit.runners.model.FrameworkMethod$1.runReflectiveCall(FrameworkMethod.java:44)
	at org.junit.internal.runners.model.ReflectiveCallable.run(ReflectiveCallable.java:15)
	at org.junit.runners.model.FrameworkMethod.invokeExplosively(FrameworkMethod.java:41)
	at org.junit.internal.runners.statements.InvokeMethod.evaluate(InvokeMethod.java:20)
	at org.junit.internal.runners.statements.RunBefores.evaluate(RunBefores.java:28)
	at org.springframework.test.context.junit4.statements.RunBeforeTestMethodCallbacks.evaluate(RunBeforeTestMethodCallbacks.java:74)
	at org.junit.internal.runners.statements.RunAfters.evaluate(RunAfters.java:31)
	at org.springframework.test.context.junit4.statements.RunAfterTestMethodCallbacks.evaluate(RunAfterTestMethodCallbacks.java:83)
	at org.springframework.test.context.junit4.statements.SpringRepeat.evaluate(SpringRepeat.java:72)
	at org.springframework.test.context.junit4.SpringJUnit4ClassRunner.runChild(SpringJUnit4ClassRunner.java:231)
	at org.springframework.test.context.junit4.SpringJUnit4ClassRunner.runChild(SpringJUnit4ClassRunner.java:88)
	at org.junit.runners.ParentRunner$3.run(ParentRunner.java:231)
	at org.junit.runners.ParentRunner$1.schedule(ParentRunner.java:60)
	at org.junit.runners.ParentRunner.runChildren(ParentRunner.java:229)
	at org.junit.runners.ParentRunner.access$000(ParentRunner.java:50)
	at org.junit.runners.ParentRunner$2.evaluate(ParentRunner.java:222)
	at org.springframework.test.context.junit4.statements.RunBeforeTestClassCallbacks.evaluate(RunBeforeTestClassCallbacks.java:61)
	at org.springframework.test.context.junit4.statements.RunAfterTestClassCallbacks.evaluate(RunAfterTestClassCallbacks.java:71)
	at org.junit.runners.ParentRunner.run(ParentRunner.java:292)
	at org.springframework.test.context.junit4.SpringJUnit4ClassRunner.run(SpringJUnit4ClassRunner.java:174)
	at org.apache.maven.surefire.junit4.JUnit4Provider.execute(JUnit4Provider.java:252)
	at org.apache.maven.surefire.junit4.JUnit4Provider.executeTestSet(JUnit4Provider.java:141)
	at org.apache.maven.surefire.junit4.JUnit4Provider.invoke(JUnit4Provider.java:112)
	at sun.reflect.NativeMethodAccessorImpl.invoke0(Native Method)
	at sun.reflect.NativeMethodAccessorImpl.invoke(NativeMethodAccessorImpl.java:62)
	at sun.reflect.DelegatingMethodAccessorImpl.invoke(DelegatingMethodAccessorImpl.java:43)
	at java.lang.reflect.Method.invoke(Method.java:498)
	at org.apache.maven.surefire.util.ReflectionUtils.invokeMethodWithArray(ReflectionUtils.java:189)
	at org.apache.maven.surefire.booter.ProviderFactory$ProviderProxy.invoke(ProviderFactory.java:165)
	at org.apache.maven.surefire.booter.ProviderFactory.invokeProvider(ProviderFactory.java:85)
	at org.apache.maven.surefire.booter.ForkedBooter.runSuitesInProcess(ForkedBooter.java:115)
	at org.apache.maven.surefire.booter.ForkedBooter.main(ForkedBooter.java:75)
</failure>
  </testcase>
  <testcase classname="com.allen.dayup.guava.GuavaDemoTest" name="testOptionalMethodSupplierNull" time="0"/>
  <testcase classname="com.allen.dayup.guava.GuavaDemoTest" name="testOptionalMethodNotNull" time="0"/>
  <testcase classname="com.allen.dayup.guava.GuavaDemoTest" name="testOptionalMethodSupplierNotNull" time="0"/>
  <testcase classname="com.allen.dayup.guava.GuavaDemoTest" name="testCheckArg" time="0.002"/>
</testsuite>